<?xml version="1.0" encoding="UTF-8"?>
<!-- Generated by org.testng.reporters.JUnitReportReporter -->
<testsuite hostname="DESKTOP-I50C56H" failures="0" tests="1" name="com.testcases.PutRequest" time="3.235" errors="0" timestamp="2023-06-15T10:25:39 IST" skipped="0">
  <testcase classname="com.testcases.PutRequest" name="putMethod" time="3.235"/>
  <system-out/>
</testsuite> <!-- com.testcases.PutRequest -->
