<?xml version="1.0" encoding="UTF-8"?>
<!-- Generated by org.testng.reporters.JUnitReportReporter -->
<testsuite hostname="DESKTOP-I50C56H" failures="0" tests="1" name="com.testcases.PostRequest" time="5.205" errors="0" timestamp="2023-06-15T09:38:08 IST" skipped="0">
  <testcase classname="com.testcases.PostRequest" name="postNewrecord" time="5.205"/>
  <system-out/>
</testsuite> <!-- com.testcases.PostRequest -->
