<?xml version="1.0" encoding="UTF-8"?>
<!-- Generated by org.testng.reporters.JUnitReportReporter -->
<testsuite hostname="DESKTOP-I50C56H" failures="0" tests="1" name="com.testcases.DeleteRequest" time="3.291" errors="0" timestamp="2023-06-15T10:31:16 IST" skipped="0">
  <testcase classname="com.testcases.DeleteRequest" name="deleteMethod" time="3.291"/>
  <system-out/>
</testsuite> <!-- com.testcases.DeleteRequest -->
