<?xml version="1.0" encoding="UTF-8"?>
<!-- Generated by org.testng.reporters.JUnitReportReporter -->
<testsuite hostname="DESKTOP-I50C56H" failures="0" tests="1" name="com.testcases.GetRequest" time="5.728" errors="0" timestamp="2023-06-15T09:37:25 IST" skipped="0">
  <testcase classname="com.testcases.GetRequest" name="getAll" time="5.728"/>
  <system-out/>
</testsuite> <!-- com.testcases.GetRequest -->
