<?xml version="1.0" encoding="UTF-8"?>
<!-- Generated by org.testng.reporters.JUnitReportReporter -->
<testsuite hostname="DESKTOP-I50C56H" failures="0" tests="1" name="com.testcases.GetRequest" time="4.942" errors="0" timestamp="2023-06-12T13:09:31 IST" skipped="0">
  <testcase classname="com.testcases.GetRequest" name="getAll" time="4.942"/>
  <system-out/>
</testsuite> <!-- com.testcases.GetRequest -->
